<?xml version="1.0" encoding="UTF-8"?>
<!-- Generated by org.testng.reporters.JUnitXMLReporter -->
<testsuite hostname="ip-172-31-23-119" ignored="0" name="Test" tests="4" failures="0" timestamp="2022-03-28T13:09:39 UTC" time="0.059" errors="0">
  <testcase name="test3" time="0.005" classname="test.HomepageTest"/>
  <testcase name="test1" time="0.001" classname="test.AnnotationExample"/>
  <testcase name="test2" time="0.001" classname="test.AnnotationExample"/>
  <testcase name="test4" time="0.001" classname="test2.CheckoutTest"/>
</testsuite> <!-- Test -->
