<?xml version="1.0" encoding="UTF-8"?>
<testng-results skipped="0" failed="0" ignored="2" total="3" passed="1">
  <reporter-output>
  </reporter-output>
  <suite name="Suite" duration-ms="54" started-at="2022-03-28T13:31:43 UTC" finished-at="2022-03-28T13:31:44 UTC">
    <groups>
      <group name="sanity">
        <method signature="CheckoutTest.test4()[pri:0, instance:pckg2.CheckoutTest@4d41cee]" name="test4" class="pckg2.CheckoutTest"/>
      </group> <!-- sanity -->
    </groups>
    <test name="Test" duration-ms="54" started-at="2022-03-28T13:31:43 UTC" finished-at="2022-03-28T13:31:44 UTC">
      <class name="pckg2.CheckoutTest">
        <test-method status="PASS" signature="test4()[pri:0, instance:pckg2.CheckoutTest@4d41cee]" name="test4" duration-ms="6" started-at="2022-03-28T13:31:44 UTC" finished-at="2022-03-28T13:31:44 UTC">
          <reporter-output>
          </reporter-output>
        </test-method> <!-- test4 -->
      </class> <!-- pckg2.CheckoutTest -->
    </test> <!-- Test -->
  </suite> <!-- Suite -->
</testng-results>
